<?xml version="1.0" encoding="UTF-8"?>
<!-- Generated by org.testng.reporters.JUnitXMLReporter -->
<testsuite ignored="0" hostname="LAPTOP-OB53OND9" failures="0" tests="2" name="edge Test" time="162.653" errors="0" timestamp="2024-06-16T17:45:22 IST">
  <testcase classname="TestNG2.ParallelTesting" name="testLogo" time="0.0">
    <skipped/>
  </testcase> <!-- testLogo -->
  <testcase classname="TestNG2.ParallelTesting" name="testHomePageTitle" time="0.0">
    <skipped/>
  </testcase> <!-- testHomePageTitle -->
</testsuite> <!-- edge Test -->
