<?xml version="1.0" encoding="UTF-8"?>
<!-- Generated by org.testng.reporters.JUnitXMLReporter -->
<testsuite ignored="0" hostname="LAPTOP-OB53OND9" failures="0" tests="4" name="Test1" time="0.04" errors="0" timestamp="2024-04-16T20:01:13 IST">
  <testcase classname="TestNG1.AnnotationDemo1" name="Search" time="0.004"/>
  <testcase classname="TestNG1.AnnotationDemo1" name="Advancesearch" time="0.001"/>
  <testcase classname="TestNG1.AnnotationDemo2" name="Search" time="0.0"/>
  <testcase classname="TestNG1.AnnotationDemo2" name="Advancesearch" time="0.001"/>
</testsuite> <!-- Test1 -->
