<?xml version="1.0" encoding="UTF-8"?>
<!-- Generated by org.testng.reporters.JUnitXMLReporter -->
<testsuite ignored="6" hostname="LAPTOP-OB53OND9" failures="0" tests="3" name="Test" time="0.05" errors="0" timestamp="2024-06-03T18:55:32 IST">
  <testcase classname="TestNG2.grouping" name="loginByfacebook" time="0.005"/>
  <testcase classname="TestNG2.grouping" name="loginBytwitter" time="0.001"/>
  <testcase classname="TestNG2.grouping" name="paymentindollar" time="0.001"/>
  <testcase classname="TestNG2.grouping" name="signupbytwitter" time="0.0">
    <ignored/>
  </testcase> <!-- signupbytwitter -->
  <testcase classname="TestNG2.grouping" name="paymentReturnbyBank" time="0.0">
    <ignored/>
  </testcase> <!-- paymentReturnbyBank -->
  <testcase classname="TestNG2.grouping" name="signupbyemail" time="0.0">
    <ignored/>
  </testcase> <!-- signupbyemail -->
  <testcase classname="TestNG2.grouping" name="signupbyfacebook" time="0.0">
    <ignored/>
  </testcase> <!-- signupbyfacebook -->
  <testcase classname="TestNG2.grouping" name="paymentinrupees" time="0.0">
    <ignored/>
  </testcase> <!-- paymentinrupees -->
  <testcase classname="TestNG2.grouping" name="loginByEmail" time="0.0">
    <ignored/>
  </testcase> <!-- loginByEmail -->
</testsuite> <!-- Test -->
